<?xml version="1.0" encoding="UTF-8"?>
<coverage generated="1723723651988" clover="3.2.0">
  <project timestamp="1723723651988" name="All files">
    <metrics statements="32" coveredstatements="32" conditionals="16" coveredconditionals="15" methods="3" coveredmethods="3" elements="51" coveredelements="50" complexity="0" loc="32" ncloc="32" packages="1" files="3" classes="3"/>
    <file name="fishBashLoop.js" path="C:\technical_test\Technical_test_FE_tech_sukses\Soal test 1\fishBashLoop.js">
      <metrics statements="10" coveredstatements="10" conditionals="6" coveredconditionals="6" methods="1" coveredmethods="1"/>
      <line num="9" count="4" type="stmt"/>
      <line num="10" count="52" type="cond" truecount="2" falsecount="0"/>
      <line num="11" count="6" type="stmt"/>
      <line num="12" count="46" type="cond" truecount="2" falsecount="0"/>
      <line num="13" count="12" type="stmt"/>
      <line num="14" count="34" type="cond" truecount="2" falsecount="0"/>
      <line num="15" count="7" type="stmt"/>
      <line num="17" count="27" type="stmt"/>
      <line num="21" count="1" type="stmt"/>
      <line num="23" count="1" type="stmt"/>
    </file>
    <file name="palindrome.js" path="C:\technical_test\Technical_test_FE_tech_sukses\Soal test 1\palindrome.js">
      <metrics statements="7" coveredstatements="7" conditionals="2" coveredconditionals="2" methods="1" coveredmethods="1"/>
      <line num="6" count="6" type="stmt"/>
      <line num="7" count="6" type="stmt"/>
      <line num="8" count="7" type="cond" truecount="2" falsecount="0"/>
      <line num="9" count="3" type="stmt"/>
      <line num="12" count="3" type="stmt"/>
      <line num="15" count="1" type="stmt"/>
      <line num="17" count="1" type="stmt"/>
    </file>
    <file name="sortArray.js" path="C:\technical_test\Technical_test_FE_tech_sukses\Soal test 1\sortArray.js">
      <metrics statements="15" coveredstatements="15" conditionals="8" coveredconditionals="7" methods="1" coveredmethods="1"/>
      <line num="7" count="5" type="stmt"/>
      <line num="8" count="27" type="stmt"/>
      <line num="9" count="27" type="stmt"/>
      <line num="10" count="84" type="cond" truecount="2" falsecount="0"/>
      <line num="11" count="27" type="cond" truecount="2" falsecount="0"/>
      <line num="12" count="6" type="stmt"/>
      <line num="14" count="57" type="cond" truecount="1" falsecount="1"/>
      <line num="15" count="57" type="cond" truecount="2" falsecount="0"/>
      <line num="16" count="21" type="stmt"/>
      <line num="20" count="27" type="stmt"/>
      <line num="21" count="27" type="stmt"/>
      <line num="22" count="27" type="stmt"/>
      <line num="24" count="5" type="stmt"/>
      <line num="27" count="1" type="stmt"/>
      <line num="29" count="1" type="stmt"/>
    </file>
  </project>
</coverage>
