{"C:\\technical_test\\Technical_test_FE_tech_sukses\\Soal test 1\\fishBashLoop.js": {"path":"C:\\technical_test\\Technical_test_FE_tech_sukses\\Soal test 1\\fishBashLoop.js","statementMap":{"0":{"start":{"line":9,"column":2},"end":{"line":19,"column":3}},"1":{"start":{"line":9,"column":15},"end":{"line":9,"column":16}},"2":{"start":{"line":10,"column":4},"end":{"line":18,"column":5}},"3":{"start":{"line":11,"column":6},"end":{"line":11,"column":31}},"4":{"start":{"line":12,"column":11},"end":{"line":18,"column":5}},"5":{"start":{"line":13,"column":6},"end":{"line":13,"column":26}},"6":{"start":{"line":14,"column":11},"end":{"line":18,"column":5}},"7":{"start":{"line":15,"column":6},"end":{"line":15,"column":26}},"8":{"start":{"line":17,"column":6},"end":{"line":17,"column":21}},"9":{"start":{"line":21,"column":0},"end":{"line":21,"column":30}},"10":{"start":{"line":23,"column":0},"end":{"line":23,"column":30}}},"fnMap":{"0":{"name":"fishBashLoop","decl":{"start":{"line":8,"column":9},"end":{"line":8,"column":21}},"loc":{"start":{"line":8,"column":27},"end":{"line":20,"column":1}},"line":8}},"branchMap":{"0":{"loc":{"start":{"line":10,"column":4},"end":{"line":18,"column":5}},"type":"if","locations":[{"start":{"line":10,"column":4},"end":{"line":18,"column":5}},{"start":{"line":12,"column":11},"end":{"line":18,"column":5}}],"line":10},"1":{"loc":{"start":{"line":12,"column":11},"end":{"line":18,"column":5}},"type":"if","locations":[{"start":{"line":12,"column":11},"end":{"line":18,"column":5}},{"start":{"line":14,"column":11},"end":{"line":18,"column":5}}],"line":12},"2":{"loc":{"start":{"line":14,"column":11},"end":{"line":18,"column":5}},"type":"if","locations":[{"start":{"line":14,"column":11},"end":{"line":18,"column":5}},{"start":{"line":16,"column":11},"end":{"line":18,"column":5}}],"line":14}},"s":{"0":4,"1":4,"2":52,"3":6,"4":46,"5":12,"6":34,"7":7,"8":27,"9":1,"10":1},"f":{"0":4},"b":{"0":[6,46],"1":[12,34],"2":[7,27]},"_coverageSchema":"1a1c01bbd47fc00a2c39e90264f33305004495a9","hash":"c70f618c9b2f065341256f57bb93a0d202b295df"}
,"C:\\technical_test\\Technical_test_FE_tech_sukses\\Soal test 1\\palindrome.js": {"path":"C:\\technical_test\\Technical_test_FE_tech_sukses\\Soal test 1\\palindrome.js","statementMap":{"0":{"start":{"line":6,"column":14},"end":{"line":6,"column":24}},"1":{"start":{"line":7,"column":2},"end":{"line":11,"column":3}},"2":{"start":{"line":7,"column":15},"end":{"line":7,"column":16}},"3":{"start":{"line":8,"column":4},"end":{"line":10,"column":5}},"4":{"start":{"line":9,"column":6},"end":{"line":9,"column":19}},"5":{"start":{"line":12,"column":2},"end":{"line":12,"column":14}},"6":{"start":{"line":15,"column":0},"end":{"line":15,"column":35}},"7":{"start":{"line":17,"column":0},"end":{"line":17,"column":30}}},"fnMap":{"0":{"name":"isPalindrome","decl":{"start":{"line":5,"column":9},"end":{"line":5,"column":21}},"loc":{"start":{"line":5,"column":27},"end":{"line":13,"column":1}},"line":5}},"branchMap":{"0":{"loc":{"start":{"line":8,"column":4},"end":{"line":10,"column":5}},"type":"if","locations":[{"start":{"line":8,"column":4},"end":{"line":10,"column":5}},{"start":{},"end":{}}],"line":8}},"s":{"0":6,"1":6,"2":6,"3":7,"4":3,"5":3,"6":1,"7":1},"f":{"0":6},"b":{"0":[3,4]},"_coverageSchema":"1a1c01bbd47fc00a2c39e90264f33305004495a9","hash":"a26faff0c6122e99efbf5f9a0a7592fc7d7de284"}
,"C:\\technical_test\\Technical_test_FE_tech_sukses\\Soal test 1\\sortArray.js": {"path":"C:\\technical_test\\Technical_test_FE_tech_sukses\\Soal test 1\\sortArray.js","statementMap":{"0":{"start":{"line":7,"column":2},"end":{"line":23,"column":3}},"1":{"start":{"line":7,"column":15},"end":{"line":7,"column":16}},"2":{"start":{"line":8,"column":14},"end":{"line":8,"column":15}},"3":{"start":{"line":9,"column":4},"end":{"line":19,"column":5}},"4":{"start":{"line":9,"column":17},"end":{"line":9,"column":22}},"5":{"start":{"line":10,"column":6},"end":{"line":18,"column":7}},"6":{"start":{"line":11,"column":8},"end":{"line":13,"column":9}},"7":{"start":{"line":12,"column":10},"end":{"line":12,"column":18}},"8":{"start":{"line":14,"column":13},"end":{"line":18,"column":7}},"9":{"start":{"line":15,"column":8},"end":{"line":17,"column":9}},"10":{"start":{"line":16,"column":10},"end":{"line":16,"column":18}},"11":{"start":{"line":20,"column":17},"end":{"line":20,"column":23}},"12":{"start":{"line":21,"column":4},"end":{"line":21,"column":22}},"13":{"start":{"line":22,"column":4},"end":{"line":22,"column":22}},"14":{"start":{"line":24,"column":2},"end":{"line":24,"column":13}},"15":{"start":{"line":27,"column":0},"end":{"line":27,"column":60}},"16":{"start":{"line":29,"column":0},"end":{"line":29,"column":27}}},"fnMap":{"0":{"name":"sortArray","decl":{"start":{"line":6,"column":9},"end":{"line":6,"column":18}},"loc":{"start":{"line":6,"column":31},"end":{"line":25,"column":1}},"line":6}},"branchMap":{"0":{"loc":{"start":{"line":10,"column":6},"end":{"line":18,"column":7}},"type":"if","locations":[{"start":{"line":10,"column":6},"end":{"line":18,"column":7}},{"start":{"line":14,"column":13},"end":{"line":18,"column":7}}],"line":10},"1":{"loc":{"start":{"line":11,"column":8},"end":{"line":13,"column":9}},"type":"if","locations":[{"start":{"line":11,"column":8},"end":{"line":13,"column":9}},{"start":{},"end":{}}],"line":11},"2":{"loc":{"start":{"line":14,"column":13},"end":{"line":18,"column":7}},"type":"if","locations":[{"start":{"line":14,"column":13},"end":{"line":18,"column":7}},{"start":{},"end":{}}],"line":14},"3":{"loc":{"start":{"line":15,"column":8},"end":{"line":17,"column":9}},"type":"if","locations":[{"start":{"line":15,"column":8},"end":{"line":17,"column":9}},{"start":{},"end":{}}],"line":15}},"s":{"0":5,"1":5,"2":27,"3":27,"4":27,"5":84,"6":27,"7":6,"8":57,"9":57,"10":21,"11":27,"12":27,"13":27,"14":5,"15":1,"16":1},"f":{"0":5},"b":{"0":[27,57],"1":[6,21],"2":[57,0],"3":[21,36]},"_coverageSchema":"1a1c01bbd47fc00a2c39e90264f33305004495a9","hash":"9457a00056853081651568c92b70b9d639bd2700"}
}
