TN:
SF:fishBashLoop.js
FN:8,fishBashLoop
FNF:1
FNH:1
FNDA:4,fishBashLoop
DA:9,4
DA:10,52
DA:11,6
DA:12,46
DA:13,12
DA:14,34
DA:15,7
DA:17,27
DA:21,1
DA:23,1
LF:10
LH:10
BRDA:10,0,0,6
BRDA:10,0,1,46
BRDA:12,1,0,12
BRDA:12,1,1,34
BRDA:14,2,0,7
BRDA:14,2,1,27
BRF:6
BRH:6
end_of_record
TN:
SF:palindrome.js
FN:5,isPalindrome
FNF:1
FNH:1
FNDA:6,isPalindrome
DA:6,6
DA:7,6
DA:8,7
DA:9,3
DA:12,3
DA:15,1
DA:17,1
LF:7
LH:7
BRDA:8,0,0,3
BRDA:8,0,1,4
BRF:2
BRH:2
end_of_record
TN:
SF:sortArray.js
FN:6,sortArray
FNF:1
FNH:1
FNDA:5,sortArray
DA:7,5
DA:8,27
DA:9,27
DA:10,84
DA:11,27
DA:12,6
DA:14,57
DA:15,57
DA:16,21
DA:20,27
DA:21,27
DA:22,27
DA:24,5
DA:27,1
DA:29,1
LF:15
LH:15
BRDA:10,0,0,27
BRDA:10,0,1,57
BRDA:11,1,0,6
BRDA:11,1,1,21
BRDA:14,2,0,57
BRDA:14,2,1,0
BRDA:15,3,0,21
BRDA:15,3,1,36
BRF:8
BRH:7
end_of_record
